28 Nov 2016, 20:55:56.149 [   INFO] [   FXGL.SystemLogger] [JavaFX Application Thread] System Logger is initialized
28 Nov 2016, 20:55:56.174 [  FINER] [   FXGL.SystemLogger] [JavaFX Application Thread] Logging System Info
28 Nov 2016, 20:55:56.174 [  FINER] [   FXGL.SystemLogger] [JavaFX Application Thread] CPU cores: 4
28 Nov 2016, 20:55:56.177 [  FINER] [   FXGL.SystemLogger] [JavaFX Application Thread] Free Memory: 14MB
28 Nov 2016, 20:55:56.178 [  FINER] [   FXGL.SystemLogger] [JavaFX Application Thread] Max Memory: 248MB
28 Nov 2016, 20:55:56.178 [  FINER] [   FXGL.SystemLogger] [JavaFX Application Thread] Total Memory: 16MB
28 Nov 2016, 20:55:56.179 [  FINER] [   FXGL.SystemLogger] [JavaFX Application Thread] System Properties:
28 Nov 2016, 20:55:56.180 [  FINER] [   FXGL.SystemLogger] [JavaFX Application Thread] sun.cpu.isalist=pentium_pro+mmx pentium_pro pentium+mmx pentium i486 i386 i86
28 Nov 2016, 20:55:56.181 [  FINER] [   FXGL.SystemLogger] [JavaFX Application Thread] sun.desktop=windows
28 Nov 2016, 20:55:56.181 [  FINER] [   FXGL.SystemLogger] [JavaFX Application Thread] sun.io.unicode.encoding=UnicodeLittle
28 Nov 2016, 20:55:56.181 [  FINER] [   FXGL.SystemLogger] [JavaFX Application Thread] sun.cpu.endian=little
28 Nov 2016, 20:55:56.182 [  FINER] [   FXGL.SystemLogger] [JavaFX Application Thread] java.vendor.url.bug=http://bugreport.sun.com/bugreport/
28 Nov 2016, 20:55:56.183 [  FINER] [   FXGL.SystemLogger] [JavaFX Application Thread] file.separator=\
28 Nov 2016, 20:55:56.183 [  FINER] [   FXGL.SystemLogger] [JavaFX Application Thread] java.vendor=Oracle Corporation
28 Nov 2016, 20:55:56.183 [  FINER] [   FXGL.SystemLogger] [JavaFX Application Thread] sun.boot.class.path=C:\Program Files\Java\jre1.8.0_111\lib\resources.jar;C:\Program Files\Java\jre1.8.0_111\lib\rt.jar;C:\Program Files\Java\jre1.8.0_111\lib\sunrsasign.jar;C:\Program Files\Java\jre1.8.0_111\lib\jsse.jar;C:\Program Files\Java\jre1.8.0_111\lib\jce.jar;C:\Program Files\Java\jre1.8.0_111\lib\charsets.jar;C:\Program Files\Java\jre1.8.0_111\lib\jfr.jar;C:\Program Files\Java\jre1.8.0_111\classes
28 Nov 2016, 20:55:56.184 [  FINER] [   FXGL.SystemLogger] [JavaFX Application Thread] java.ext.dirs=C:\Program Files\Java\jre1.8.0_111\lib\ext;C:\Windows\Sun\Java\lib\ext
28 Nov 2016, 20:55:56.184 [  FINER] [   FXGL.SystemLogger] [JavaFX Application Thread] java.version=1.8.0_111
28 Nov 2016, 20:55:56.185 [  FINER] [   FXGL.SystemLogger] [JavaFX Application Thread] java.vm.info=mixed mode
28 Nov 2016, 20:55:56.185 [  FINER] [   FXGL.SystemLogger] [JavaFX Application Thread] awt.toolkit=sun.awt.windows.WToolkit
28 Nov 2016, 20:55:56.185 [  FINER] [   FXGL.SystemLogger] [JavaFX Application Thread] user.language=en
28 Nov 2016, 20:55:56.186 [  FINER] [   FXGL.SystemLogger] [JavaFX Application Thread] java.specification.vendor=Oracle Corporation
28 Nov 2016, 20:55:56.186 [  FINER] [   FXGL.SystemLogger] [JavaFX Application Thread] sun.java.command=PacTheJumper.PacTheJumperApp
28 Nov 2016, 20:55:56.187 [  FINER] [   FXGL.SystemLogger] [JavaFX Application Thread] java.home=C:\Program Files\Java\jre1.8.0_111
28 Nov 2016, 20:55:56.187 [  FINER] [   FXGL.SystemLogger] [JavaFX Application Thread] sun.arch.data.model=32
28 Nov 2016, 20:55:56.187 [  FINER] [   FXGL.SystemLogger] [JavaFX Application Thread] java.vm.specification.version=1.8
28 Nov 2016, 20:55:56.188 [  FINER] [   FXGL.SystemLogger] [JavaFX Application Thread] java.class.path=C:\Users\hp\Desktop\JAVA NEON\PacJumper\bin;C:\Users\hp\Desktop\JAVA NEON\PacJumper\lib\FXGL-0.2.8-uber.jar
28 Nov 2016, 20:55:56.188 [  FINER] [   FXGL.SystemLogger] [JavaFX Application Thread] user.name=hp
28 Nov 2016, 20:55:56.189 [  FINER] [   FXGL.SystemLogger] [JavaFX Application Thread] file.encoding=Cp1252
28 Nov 2016, 20:55:56.189 [  FINER] [   FXGL.SystemLogger] [JavaFX Application Thread] java.specification.version=1.8
28 Nov 2016, 20:55:56.189 [  FINER] [   FXGL.SystemLogger] [JavaFX Application Thread] java.awt.printerjob=sun.awt.windows.WPrinterJob
28 Nov 2016, 20:55:56.190 [  FINER] [   FXGL.SystemLogger] [JavaFX Application Thread] user.timezone=Asia/Calcutta
28 Nov 2016, 20:55:56.190 [  FINER] [   FXGL.SystemLogger] [JavaFX Application Thread] user.home=C:\Users\hp
28 Nov 2016, 20:55:56.190 [  FINER] [   FXGL.SystemLogger] [JavaFX Application Thread] os.version=6.1
28 Nov 2016, 20:55:56.191 [  FINER] [   FXGL.SystemLogger] [JavaFX Application Thread] sun.management.compiler=HotSpot Client Compiler
28 Nov 2016, 20:55:56.191 [  FINER] [   FXGL.SystemLogger] [JavaFX Application Thread] java.specification.name=Java Platform API Specification
28 Nov 2016, 20:55:56.191 [  FINER] [   FXGL.SystemLogger] [JavaFX Application Thread] java.class.version=52.0
28 Nov 2016, 20:55:56.191 [  FINER] [   FXGL.SystemLogger] [JavaFX Application Thread] java.library.path=C:\Program Files\Java\jre1.8.0_111\bin;C:\Windows\Sun\Java\bin;C:\Windows\system32;C:\Windows;C:/Program Files/Java/jre1.8.0_111/bin/client;C:/Program Files/Java/jre1.8.0_111/bin;C:/Program Files/Java/jre1.8.0_111/lib/i386;C:\ProgramData\Oracle\Java\javapath;C:\Perl\site\bin;C:\Perl\bin;C:\Program Files\Common Files\Microsoft Shared\Windows Live;C:\Windows\system32;C:\Windows;C:\Windows\System32\Wbem;C:\Windows\System32\WindowsPowerShell\v1.0\;C:\Program Files\Common Files\Symbian\tools;C:\Program Files\CSL Arm Toolchain\bin;%CommonProgramFiles%\Microsoft Shared\Windows Live;C:\TCWIN45\BIN;C:\eclipse;;.
28 Nov 2016, 20:55:56.192 [  FINER] [   FXGL.SystemLogger] [JavaFX Application Thread] sun.jnu.encoding=Cp1252
28 Nov 2016, 20:55:56.192 [  FINER] [   FXGL.SystemLogger] [JavaFX Application Thread] os.name=Windows 7
28 Nov 2016, 20:55:56.192 [  FINER] [   FXGL.SystemLogger] [JavaFX Application Thread] user.variant=
28 Nov 2016, 20:55:56.193 [  FINER] [   FXGL.SystemLogger] [JavaFX Application Thread] java.vm.specification.vendor=Oracle Corporation
28 Nov 2016, 20:55:56.193 [  FINER] [   FXGL.SystemLogger] [JavaFX Application Thread] java.io.tmpdir=C:\Users\hp\AppData\Local\Temp\
28 Nov 2016, 20:55:56.193 [  FINER] [   FXGL.SystemLogger] [JavaFX Application Thread] line.separator=

28 Nov 2016, 20:55:56.194 [  FINER] [   FXGL.SystemLogger] [JavaFX Application Thread] java.endorsed.dirs=C:\Program Files\Java\jre1.8.0_111\lib\endorsed
28 Nov 2016, 20:55:56.194 [  FINER] [   FXGL.SystemLogger] [JavaFX Application Thread] os.arch=x86
28 Nov 2016, 20:55:56.194 [  FINER] [   FXGL.SystemLogger] [JavaFX Application Thread] javafx.runtime.version=8.0.111-b14
28 Nov 2016, 20:55:56.194 [  FINER] [   FXGL.SystemLogger] [JavaFX Application Thread] java.awt.graphicsenv=sun.awt.Win32GraphicsEnvironment
28 Nov 2016, 20:55:56.195 [  FINER] [   FXGL.SystemLogger] [JavaFX Application Thread] java.runtime.version=1.8.0_111-b14
28 Nov 2016, 20:55:56.195 [  FINER] [   FXGL.SystemLogger] [JavaFX Application Thread] java.vm.specification.name=Java Virtual Machine Specification
28 Nov 2016, 20:55:56.195 [  FINER] [   FXGL.SystemLogger] [JavaFX Application Thread] user.dir=C:\Users\hp\Desktop\JAVA NEON\PacJumper
28 Nov 2016, 20:55:56.195 [  FINER] [   FXGL.SystemLogger] [JavaFX Application Thread] user.country=US
28 Nov 2016, 20:55:56.196 [  FINER] [   FXGL.SystemLogger] [JavaFX Application Thread] user.script=
28 Nov 2016, 20:55:56.196 [  FINER] [   FXGL.SystemLogger] [JavaFX Application Thread] sun.java.launcher=SUN_STANDARD
28 Nov 2016, 20:55:56.196 [  FINER] [   FXGL.SystemLogger] [JavaFX Application Thread] sun.os.patch.level=Service Pack 1
28 Nov 2016, 20:55:56.196 [  FINER] [   FXGL.SystemLogger] [JavaFX Application Thread] java.vm.name=Java HotSpot(TM) Client VM
28 Nov 2016, 20:55:56.196 [  FINER] [   FXGL.SystemLogger] [JavaFX Application Thread] file.encoding.pkg=sun.io
28 Nov 2016, 20:55:56.197 [  FINER] [   FXGL.SystemLogger] [JavaFX Application Thread] path.separator=;
28 Nov 2016, 20:55:56.197 [  FINER] [   FXGL.SystemLogger] [JavaFX Application Thread] java.vm.vendor=Oracle Corporation
28 Nov 2016, 20:55:56.197 [  FINER] [   FXGL.SystemLogger] [JavaFX Application Thread] java.vendor.url=http://java.oracle.com/
28 Nov 2016, 20:55:56.197 [  FINER] [   FXGL.SystemLogger] [JavaFX Application Thread] sun.boot.library.path=C:\Program Files\Java\jre1.8.0_111\bin
28 Nov 2016, 20:55:56.198 [  FINER] [   FXGL.SystemLogger] [JavaFX Application Thread] java.vm.version=25.111-b14
28 Nov 2016, 20:55:56.198 [  FINER] [   FXGL.SystemLogger] [JavaFX Application Thread] java.runtime.name=Java(TM) SE Runtime Environment
28 Nov 2016, 20:55:56.198 [  FINER] [   FXGL.SystemLogger] [JavaFX Application Thread] javafx.version=8.0.111
28 Nov 2016, 20:55:56.204 [   INFO] [   FXGL.SystemLogger] [JavaFX Application Thread] FXGL-0.2.8
28 Nov 2016, 20:55:56.204 [   INFO] [   FXGL.SystemLogger] [JavaFX Application Thread] Source code and latest versions at: https://github.com/AlmasB/FXGL
28 Nov 2016, 20:55:56.205 [   INFO] [   FXGL.SystemLogger] [JavaFX Application Thread]              Join the FXGL chat at: https://gitter.im/AlmasB/FXGL
28 Nov 2016, 20:55:56.211 [  FINER] [   FXGL.SystemLogger] [JavaFX Application Thread] Starting JavaFX
28 Nov 2016, 20:55:56.217 [  FINER] [   FXGL.SystemLogger] [          JavaFX-Launcher] Initializing FXGL
28 Nov 2016, 20:55:56.238 [  FINER] [   FXGL.SystemLogger] [JavaFX Application Thread] Starting FXGL
28 Nov 2016, 20:55:56.573 [  FINER] [   FXGL.SystemLogger] [     FXGL Launcher Thread] Configuring FXGL
28 Nov 2016, 20:55:56.573 [  FINER] [   FXGL.SystemLogger] [     FXGL Launcher Thread] Initializing system properties
28 Nov 2016, 20:55:56.615 [  FINER] [   FXGL.SystemLogger] [     FXGL Launcher Thread] sound.notification = system/notification.wav
28 Nov 2016, 20:55:56.615 [  FINER] [   FXGL.SystemLogger] [     FXGL Launcher Thread] url.storage = https://raw.githubusercontent.com/AlmasB/git-server/master/storage/
28 Nov 2016, 20:55:56.615 [  FINER] [   FXGL.SystemLogger] [     FXGL Launcher Thread] asset.cache.size = 35
28 Nov 2016, 20:55:56.615 [  FINER] [   FXGL.SystemLogger] [     FXGL Launcher Thread] fs.profiledir = profiles/
28 Nov 2016, 20:55:56.616 [  FINER] [   FXGL.SystemLogger] [     FXGL Launcher Thread] url.pom = https://raw.githubusercontent.com/AlmasB/FXGL/master/pom.xml
28 Nov 2016, 20:55:56.616 [  FINER] [   FXGL.SystemLogger] [     FXGL Launcher Thread] fs.datafile.ext = .dat
28 Nov 2016, 20:55:56.616 [  FINER] [   FXGL.SystemLogger] [     FXGL Launcher Thread] sound.menu.back = menu/back.wav
28 Nov 2016, 20:55:56.617 [  FINER] [   FXGL.SystemLogger] [     FXGL Launcher Thread] sound.menu.select = menu/select.wav
28 Nov 2016, 20:55:56.617 [  FINER] [   FXGL.SystemLogger] [     FXGL Launcher Thread] url.github = https://github.com/AlmasB/FXGL
28 Nov 2016, 20:55:56.617 [  FINER] [   FXGL.SystemLogger] [     FXGL Launcher Thread] physics.ppm = 50.0
28 Nov 2016, 20:55:56.617 [  FINER] [   FXGL.SystemLogger] [     FXGL Launcher Thread] ui.css = fxgl.css
28 Nov 2016, 20:55:56.618 [  FINER] [   FXGL.SystemLogger] [     FXGL Launcher Thread] version.check.days = 7
28 Nov 2016, 20:55:56.618 [  FINER] [   FXGL.SystemLogger] [     FXGL Launcher Thread] fs.savefile.ext = .sav
28 Nov 2016, 20:55:56.618 [  FINER] [   FXGL.SystemLogger] [     FXGL Launcher Thread] pooling.initialSize = 128
28 Nov 2016, 20:55:56.618 [  FINER] [   FXGL.SystemLogger] [     FXGL Launcher Thread] ui.font = Copperplate_Gothic_Light_Regular.ttf
28 Nov 2016, 20:55:56.619 [  FINER] [   FXGL.SystemLogger] [     FXGL Launcher Thread] fs.savedir = saves/
28 Nov 2016, 20:55:56.619 [  FINER] [   FXGL.SystemLogger] [     FXGL Launcher Thread] fs.profilename = user.profile
28 Nov 2016, 20:55:56.619 [  FINER] [   FXGL.SystemLogger] [     FXGL Launcher Thread] ui.icon.name = fxgl_icon.png
28 Nov 2016, 20:55:56.619 [  FINER] [   FXGL.SystemLogger] [     FXGL Launcher Thread] sound.menu.press = menu/press.wav
28 Nov 2016, 20:55:56.619 [  FINER] [   FXGL.SystemLogger] [     FXGL Launcher Thread] Initializing user properties
28 Nov 2016, 20:55:56.622 [  FINER] [   FXGL.SystemLogger] [     FXGL Launcher Thread] ui.font = sf_atarian_system.ttf
28 Nov 2016, 20:55:56.623 [  FINER] [   FXGL.SystemLogger] [     FXGL Launcher Thread] Initializing app settings
28 Nov 2016, 20:55:56.635 [  FINER] [   FXGL.SystemLogger] [     FXGL Launcher Thread] Logging settings
Title: Pac The Jumper
Version: 0.2
Width: 900
Height: 650
Fullscreen: false
Intro: false
Menus: true
Profiling: false
App Mode: DEVELOPER
Menu Style: FXGL_DEFAULT
Menu Key: ESCAPE
Services: []
28 Nov 2016, 20:55:57.544 [  FINER] [   FXGL.SystemLogger] [     FXGL Launcher Thread] FXGL configuration complete
28 Nov 2016, 20:55:57.544 [   INFO] [   FXGL.SystemLogger] [     FXGL Launcher Thread] FXGL configuration took:  0.971 sec
28 Nov 2016, 20:55:57.547 [  FINER] [   FXGL.SystemLogger] [JavaFX Application Thread] Running task: UpdaterTask
28 Nov 2016, 20:55:57.553 [  FINER] [   FXGL.SystemLogger] [     FXGL Launcher Thread] Running task: PreInitTask
28 Nov 2016, 20:55:57.677 [  FINER] [   FXGL.SystemLogger] [     FXGL Launcher Thread] Running task: InitScenesTask
28 Nov 2016, 20:55:58.305 [  FINER] [   FXGL.SystemLogger] [     FXGL Launcher Thread] Running task: InitEventHandlersTask
28 Nov 2016, 20:55:58.464 [  FINER] [   FXGL.SystemLogger] [     FXGL Launcher Thread] Running task: InitProfilerTask
28 Nov 2016, 20:55:58.575 [   INFO] [   FXGL.SystemLogger] [     FXGL Launcher Thread] Game configuration took:  1.022 sec
28 Nov 2016, 20:56:13.776 [  FINER] [   FXGL.SystemLogger] [JavaFX Application Thread] Pausing main loop
28 Nov 2016, 20:56:13.780 [  FINER] [   FXGL.SystemLogger] [JavaFX Application Thread] Resetting FXGL application
28 Nov 2016, 20:56:13.987 [   INFO] [   FXGL.SystemLogger] [ FXGL Background Thread 1] Game initialization took: 0.123 sec
28 Nov 2016, 20:56:13.987 [  FINER] [   FXGL.SystemLogger] [JavaFX Application Thread] Resuming main loop
28 Nov 2016, 20:56:16.225 [  FINER] [   FXGL.SystemLogger] [JavaFX Application Thread] Pausing main loop
28 Nov 2016, 20:56:18.347 [  FINER] [   FXGL.SystemLogger] [JavaFX Application Thread] Resuming main loop
28 Nov 2016, 20:56:21.993 [  FINER] [   FXGL.SystemLogger] [JavaFX Application Thread] Pausing main loop
28 Nov 2016, 20:56:31.007 [  FINER] [   FXGL.SystemLogger] [JavaFX Application Thread] Resuming main loop
28 Nov 2016, 20:56:33.470 [  FINER] [   FXGL.SystemLogger] [JavaFX Application Thread] Pausing main loop
28 Nov 2016, 20:56:33.471 [  FINER] [   FXGL.SystemLogger] [JavaFX Application Thread] Resetting FXGL application
28 Nov 2016, 20:56:33.492 [   INFO] [   FXGL.SystemLogger] [ FXGL Background Thread 1] Game initialization took: 0.003 sec
28 Nov 2016, 20:56:33.504 [  FINER] [   FXGL.SystemLogger] [JavaFX Application Thread] Resuming main loop
28 Nov 2016, 20:56:35.268 [  FINER] [   FXGL.SystemLogger] [JavaFX Application Thread] Resuming main loop
28 Nov 2016, 20:56:36.203 [  FINER] [   FXGL.SystemLogger] [JavaFX Application Thread] Pausing main loop
28 Nov 2016, 20:56:36.730 [  FINER] [   FXGL.SystemLogger] [JavaFX Application Thread] Resuming main loop
28 Nov 2016, 20:56:37.597 [  FINER] [   FXGL.SystemLogger] [JavaFX Application Thread] Pausing main loop
28 Nov 2016, 20:56:38.750 [  FINER] [   FXGL.SystemLogger] [JavaFX Application Thread] Resuming main loop
28 Nov 2016, 20:56:45.935 [  FINER] [   FXGL.SystemLogger] [JavaFX Application Thread] Pausing main loop
28 Nov 2016, 20:56:45.936 [  FINER] [   FXGL.SystemLogger] [JavaFX Application Thread] Resetting FXGL application
28 Nov 2016, 20:56:45.956 [   INFO] [   FXGL.SystemLogger] [ FXGL Background Thread 1] Game initialization took: 0.002 sec
28 Nov 2016, 20:56:45.971 [  FINER] [   FXGL.SystemLogger] [JavaFX Application Thread] Resuming main loop
28 Nov 2016, 20:56:46.902 [  FINER] [   FXGL.SystemLogger] [JavaFX Application Thread] Pausing main loop
28 Nov 2016, 20:56:48.070 [  FINER] [   FXGL.SystemLogger] [JavaFX Application Thread] Resuming main loop
28 Nov 2016, 20:56:48.072 [  FINER] [   FXGL.SystemLogger] [JavaFX Application Thread] Exiting Normally
28 Nov 2016, 20:56:48.187 [  FINER] [   FXGL.SystemLogger] [JavaFX Application Thread] Exiting FXGL
28 Nov 2016, 20:56:48.187 [  FINER] [   FXGL.SystemLogger] [JavaFX Application Thread] Logger is closing
