20:55:57.510 [FXGL Launcher Thread     ] DEBUG FXGLLoggerFactory    - Service [LoggerFactory] initialized
20:55:57.518 [FXGL Launcher Thread     ] DEBUG FXGL                 - FXGL configuration complete
20:55:57.518 [FXGL Launcher Thread     ] DEBUG FXGL                 - Loading FXGL system data
20:55:57.523 [FXGL Launcher Thread     ] DEBUG IOTask               - Executing task: readDataTask(system/fxgl.bundle)
20:55:57.527 [FXGL Launcher Thread     ] DEBUG FS                   - Reading from: system\fxgl.bundle
20:55:57.543 [FXGL Launcher Thread     ] DEBUG IOTask               - Task succeeded: readDataTask(system/fxgl.bundle)
20:55:57.543 [FXGL Launcher Thread     ] DEBUG Bundle               - Logging bundle: FXGL
20:55:57.544 [FXGL Launcher Thread     ] DEBUG Bundle               - FXGL.offline.timer.version.check=2016-11-26T15:20:12.336
20:55:57.552 [FXGL Launcher Thread     ] DEBUG GameApplication      - Configuring GameApplication
20:55:57.561 [FXGL Launcher Thread     ] DEBUG FXGLExceptionHandler - Service [ExceptionHandler] initialized
20:55:57.562 [FXGL Launcher Thread     ] DEBUG FXGLEventBus         - Service [EventBus] initialized
20:55:57.567 [FXGL Launcher Thread     ] DEBUG FXGLExecutor         - Service [Executor] initialized
20:55:57.567 [FXGL Launcher Thread     ] DEBUG PreInitTask          - Injecting gameWorld & physicsWorld
20:55:57.574 [FXGL Launcher Thread     ] DEBUG GameWorld            - Game world initialized
20:55:57.638 [FXGL Launcher Thread     ] DEBUG FXGLPooler           - Service [Pooler] initialized with default size = 128
20:55:57.639 [FXGL Launcher Thread     ] DEBUG PhysicsWorld         - Physics world initialized: appHeight=650.0, physics.ppm=50.0
20:55:57.641 [FXGL Launcher Thread     ] DEBUG FXGLInput            - Service [Input] initialized
20:55:57.675 [FXGL Launcher Thread     ] DEBUG FXGLInput            - Registered new binding: Screenshot - P
20:55:57.676 [FXGL Launcher Thread     ] DEBUG FXGLInput            - Registered new binding: Dev Options - CTRL+0
20:55:57.676 [FXGL Launcher Thread     ] DEBUG FXGLInput            - Registered new binding: Jump - Space
20:55:57.676 [FXGL Launcher Thread     ] DEBUG FXGLInput            - Registered new binding: Exit - L
20:55:57.676 [FXGL Launcher Thread     ] DEBUG FXGLInput            - Registered new binding: Restart - R
20:55:57.676 [FXGL Launcher Thread     ] DEBUG FXGLInput            - Registered new binding: Pause - S
20:55:57.712 [FXGL Launcher Thread     ] DEBUG GameScene            - Game scene initialized: 900.0x650.0
20:55:57.721 [FXGL Launcher Thread     ] DEBUG FXGLAssetLoader      - Service [AssetLoader] initialized: cacheSize=35
20:55:57.724 [FXGL Launcher Thread     ] DEBUG FXGLAssetLoader      - Loading from disk: /assets/sounds/system/notification.wav
20:55:57.761 [FXGL Launcher Thread     ] DEBUG FXGLAssetLoader      - Loading from disk: /assets/sounds/menu/select.wav
20:55:57.764 [FXGL Launcher Thread     ] DEBUG FXGLAssetLoader      - Loading from disk: /assets/sounds/menu/back.wav
20:55:57.773 [FXGL Launcher Thread     ] DEBUG FXGLAssetLoader      - Loading from disk: /assets/sounds/menu/press.wav
20:55:57.777 [FXGL Launcher Thread     ] DEBUG FXGLAssetLoader      - Loading from disk: /assets/ui/fonts/sf_atarian_system.ttf
20:55:58.003 [FXGL Launcher Thread     ] DEBUG FXGLAssetLoader      - Loading from disk: /assets/ui/css/fxgl.css
20:55:58.004 [FXGL Launcher Thread     ] DEBUG FXGLAssetLoader      - Loading from disk: /assets/ui/icons/fxgl_icon.png
20:55:58.046 [FXGL Launcher Thread     ] DEBUG FXGLEventBus         - Firing event: SaveEvent
20:55:58.053 [FXGL Launcher Thread     ] DEBUG FXGLAssetLoader      - Loading from disk: /assets/textures/menuNinja.jpg
20:55:58.288 [FXGL Launcher Thread     ] DEBUG FXGLAssetLoader      - Loading from cache: /assets/textures/menuNinja.jpg@1100.0x650.0
20:55:58.292 [FXGL Launcher Thread     ] DEBUG FXGLAssetLoader      - Loading from disk: /assets/ui/css/fxgl_dark.css
20:55:58.303 [FXGL Launcher Thread     ] DEBUG FXGLDisplay          - Target size: DoubleProperty [value: 900.0] x DoubleProperty [value: 650.0] @ 1.0
20:55:58.303 [FXGL Launcher Thread     ] DEBUG FXGLDisplay          - New size:    900.0 x 650.0 @ DoubleProperty [value: 1.0]
20:55:58.303 [FXGL Launcher Thread     ] DEBUG FXGLDisplay          - Service [Display] initialized
20:55:58.304 [FXGL Launcher Thread     ] DEBUG FXGLDisplay          - Using CSS: CSS(externalForm=jar:file:/C:/Users/hp/Desktop/JAVA%20NEON/PacJumper/lib/FXGL-0.2.8-uber.jar!/assets/ui/css/fxgl_dark.css)
20:55:58.304 [FXGL Launcher Thread     ] DEBUG InitScenesTask       - Injecting mainMenuScene & gameMenuScene
20:55:58.304 [FXGL Launcher Thread     ] DEBUG InitScenesTask       - Injecting loadingScene & gameScene
20:55:58.442 [FXGL Launcher Thread     ] DEBUG FXGLMasterTimer      - Service [MasterTimer] initialized
20:55:58.450 [FXGL Launcher Thread     ] DEBUG FXGLAudioPlayer      - Service [AudioPlayer] initialized
20:55:58.476 [FXGL Launcher Thread     ] DEBUG GameApplication      - State: STARTUP -> MAIN_MENU
20:55:58.555 [FXGL Launcher Thread     ] DEBUG SaveLoadManager      - Checking profiles dir: profiles/
20:55:58.556 [FXGL Launcher Thread     ] DEBUG SaveLoadManager      - Loading profile names
20:55:58.558 [FXGL Launcher Thread     ] DEBUG IOTask               - Showing dialog
20:55:58.571 [FXGL Launcher Thread     ] DEBUG FXGLEventBus         - Firing event: DisplayEvent[type=DIALOG_OPENED]
20:55:58.572 [FXGL Launcher Thread     ] DEBUG FXGLInput            - Clearing active input actions
20:55:58.575 [FXGL Background Thread 1 ] DEBUG IOTask               - Executing task: loadDirectoryNamesTask(./profiles/, false)
20:55:58.681 [JavaFX Application Thread] DEBUG FXGLDisplay          - Showing stage
20:55:58.681 [JavaFX Application Thread] DEBUG FXGLDisplay          - Root size: 900.0x650.0
20:55:58.681 [JavaFX Application Thread] DEBUG FXGLDisplay          - Scene size: 900.0x650.0
20:55:58.682 [JavaFX Application Thread] DEBUG FXGLDisplay          - Stage size: 916.0x688.0
20:55:58.860 [JavaFX Application Thread] DEBUG IOTask               - succeed(): Dismissing dialog
20:55:58.861 [JavaFX Application Thread] DEBUG FXGLEventBus         - Firing event: DisplayEvent[type=DIALOG_CLOSED]
20:55:58.862 [JavaFX Application Thread] DEBUG IOTask               - Task succeeded: loadDirectoryNamesTask(./profiles/, false)
20:55:58.869 [JavaFX Application Thread] DEBUG FXGLEventBus         - Firing event: DisplayEvent[type=DIALOG_OPENED]
20:55:58.869 [JavaFX Application Thread] DEBUG FXGLInput            - Clearing active input actions
20:56:12.791 [JavaFX Application Thread] DEBUG FXGLEventBus         - Firing event: DisplayEvent[type=DIALOG_CLOSED]
20:56:12.793 [JavaFX Application Thread] DEBUG SaveLoadManager      - Loading profile: rr
20:56:12.795 [JavaFX Application Thread] DEBUG IOTask               - Showing dialog
20:56:12.803 [JavaFX Application Thread] DEBUG FXGLEventBus         - Firing event: DisplayEvent[type=DIALOG_OPENED]
20:56:12.803 [JavaFX Application Thread] DEBUG FXGLInput            - Clearing active input actions
20:56:12.803 [FXGL Background Thread 1 ] DEBUG IOTask               - Executing task: readDataTask(./profiles/rr/user.profile)
20:56:12.855 [FXGL Background Thread 1 ] DEBUG FS                   - Reading from: .\profiles\rr\user.profile
20:56:12.887 [JavaFX Application Thread] DEBUG IOTask               - succeed(): Dismissing dialog
20:56:12.888 [JavaFX Application Thread] DEBUG FXGLEventBus         - Firing event: DisplayEvent[type=DIALOG_CLOSED]
20:56:12.888 [JavaFX Application Thread] DEBUG IOTask               - Task succeeded: readDataTask(./profiles/rr/user.profile)
20:56:12.889 [JavaFX Application Thread] DEBUG FXGLEventBus         - Firing event: LoadEvent[type=LOAD_PROFILE]
20:56:12.889 [JavaFX Application Thread] DEBUG FXGLInput            - Loading data from profile
20:56:12.889 [JavaFX Application Thread] DEBUG Bundle               - Logging bundle: input
20:56:12.889 [JavaFX Application Thread] DEBUG Bundle               - input.Jump=Space
20:56:12.889 [JavaFX Application Thread] DEBUG Bundle               - input.Screenshot=P
20:56:12.889 [JavaFX Application Thread] DEBUG Bundle               - input.Restart=R
20:56:12.889 [JavaFX Application Thread] DEBUG Bundle               - input.Dev Options=CTRL+0
20:56:12.889 [JavaFX Application Thread] DEBUG Bundle               - input.Exit=L
20:56:12.889 [JavaFX Application Thread] DEBUG Bundle               - input.Pause=S
20:56:12.890 [JavaFX Application Thread] DEBUG FXGLDisplay          - Loading data from profile
20:56:12.890 [JavaFX Application Thread] DEBUG Bundle               - Logging bundle: scene
20:56:12.890 [JavaFX Application Thread] DEBUG Bundle               - scene.sizeW=900.0
20:56:12.890 [JavaFX Application Thread] DEBUG Bundle               - scene.sizeH=650.0
20:56:12.890 [JavaFX Application Thread] DEBUG FXGLDisplay          - Target size: DoubleProperty [value: 900.0] x DoubleProperty [value: 650.0] @ 1.0
20:56:12.890 [JavaFX Application Thread] DEBUG FXGLDisplay          - New size:    900.0 x 650.0 @ DoubleProperty [value: 1.0]
20:56:12.906 [JavaFX Application Thread] DEBUG FXGLAudioPlayer      - Loading data from profile
20:56:12.906 [JavaFX Application Thread] DEBUG Bundle               - Logging bundle: audio
20:56:12.906 [JavaFX Application Thread] DEBUG Bundle               - audio.musicVolume=0.0
20:56:12.906 [JavaFX Application Thread] DEBUG Bundle               - audio.soundVolume=0.26190476190476186
20:56:12.908 [JavaFX Application Thread] DEBUG AchievementManager   - Service [AchievementManager] initialized
20:56:12.908 [JavaFX Application Thread] DEBUG AchievementManager   - Loading data from profile
20:56:12.908 [JavaFX Application Thread] DEBUG Bundle               - Logging bundle: achievement
20:56:12.908 [JavaFX Application Thread] DEBUG FXGLMasterTimer      - Loading data from profile
20:56:12.908 [JavaFX Application Thread] DEBUG Bundle               - Logging bundle: timer
20:56:12.908 [JavaFX Application Thread] DEBUG Bundle               - timer.playtime=1451252298779
20:56:12.910 [JavaFX Application Thread] DEBUG SaveLoadManager      - Loading last modified save file
20:56:12.911 [JavaFX Application Thread] DEBUG SaveLoadManager      - Loading save files
20:56:12.915 [JavaFX Application Thread] DEBUG IOTask               - Showing dialog
20:56:12.918 [JavaFX Application Thread] DEBUG FXGLEventBus         - Firing event: DisplayEvent[type=DIALOG_OPENED]
20:56:12.918 [JavaFX Application Thread] DEBUG FXGLInput            - Clearing active input actions
20:56:12.919 [FXGL Background Thread 1 ] DEBUG IOTask               - Executing task: loadFileNamesTask(./profiles/rr/saves/, true, [FileExtension(extension=.sav)])
20:56:12.919 [FXGL Background Thread 1 ] DEBUG IOTask               - Executing task: loadFileNamesTask(./profiles/rr/saves/, true, [FileExtension(extension=.sav)])
20:56:12.919 [FXGL Background Thread 1 ] DEBUG IOTask               - Executing task: loadFileNamesTask(./profiles/rr/saves/, true, [FileExtension(extension=.sav)])
20:56:12.922 [FXGL Background Thread 1 ] DEBUG IOTask               - Executing task: readSaveFiles
20:56:12.924 [FXGL Background Thread 1 ] DEBUG IOTask               - Executing task: findLastSave
20:56:12.942 [JavaFX Application Thread] DEBUG IOTask               - fail(): Dismissing dialog
20:56:12.943 [JavaFX Application Thread] DEBUG FXGLEventBus         - Firing event: DisplayEvent[type=DIALOG_CLOSED]
20:56:12.943 [JavaFX Application Thread] WARN  IOTask               - Task failed: loadFileNamesTask(./profiles/rr/saves/, true, [FileExtension(extension=.sav)]) Error: java.io.FileNotFoundException: No save files found
20:56:12.944 [JavaFX Application Thread] DEBUG FXGLEventBus         - Firing event: ProfileSelectedEvent[name=rr,hasSaves=false]
20:56:13.773 [JavaFX Application Thread] DEBUG Menu                 - fireNewGame()
20:56:13.774 [JavaFX Application Thread] DEBUG GameApplication      - Starting new game
20:56:13.776 [JavaFX Application Thread] DEBUG GameApplication      - Initializing App
20:56:13.778 [JavaFX Application Thread] DEBUG FXGLInput            - Clearing active input actions
20:56:13.779 [JavaFX Application Thread] DEBUG FXGLMasterTimer      - Stopping master timer
20:56:13.779 [JavaFX Application Thread] DEBUG GameApplication      - State: MAIN_MENU -> PAUSED
20:56:13.780 [JavaFX Application Thread] DEBUG FXGLEventBus         - Firing event: FXGLEvent[type=PAUSE]
20:56:13.781 [JavaFX Application Thread] DEBUG FXGLInput            - Clearing active input actions
20:56:13.781 [JavaFX Application Thread] DEBUG FXGLMasterTimer      - Resetting ticks and clearing all actions
20:56:13.781 [JavaFX Application Thread] DEBUG GameWorld            - Resetting game world
20:56:13.781 [JavaFX Application Thread] TRACE EntityWorld          - Resetting entity world
20:56:13.785 [JavaFX Application Thread] DEBUG PhysicsWorld         - Resetting physics world
20:56:13.786 [JavaFX Application Thread] DEBUG GameScene            - Resetting game scene
20:56:13.786 [JavaFX Application Thread] DEBUG FXGLEventBus         - Firing event: FXGLEvent[type=RESET]
20:56:13.856 [JavaFX Application Thread] DEBUG GameApplication      - State: PAUSED -> LOADING
20:56:13.864 [JavaFX Application Thread] DEBUG FXGLEventBus         - Firing event: MenuEvent[type=NEW_GAME]
20:56:13.864 [FXGL Background Thread 1 ] DEBUG InitAppTask          - Initializing Assets
20:56:13.866 [FXGL Background Thread 1 ] DEBUG InitAppTask          - Initializing Game
20:56:13.866 [FXGL Background Thread 1 ] DEBUG FXGLAssetLoader      - Loading from disk: /assets/textures/background11.png
20:56:13.918 [FXGL Background Thread 1 ] DEBUG GameScene            - Creating render group for layer: BACKGROUND(1000)
20:56:13.919 [FXGL Background Thread 1 ] DEBUG FXGLAssetLoader      - Loading from disk: /assets/textures/ninjaRun.png
20:56:13.960 [FXGL Background Thread 1 ] DEBUG FXGLAssetLoader      - Loading from disk: /assets/music/bgm.mp3
20:56:13.982 [FXGL Background Thread 1 ] DEBUG FXGLAudioPlayer      - Playing music Music [balance=0.0, volume=1.0, rate=1.0, cycleCount=2147483647]
20:56:13.983 [FXGL Background Thread 1 ] DEBUG InitAppTask          - Initializing Physics
20:56:13.984 [FXGL Background Thread 1 ] DEBUG InitAppTask          - Initializing UI
20:56:13.986 [FXGL Background Thread 1 ] DEBUG GameScene            - Adding UI node: Text[text="0", x=0.0, y=0.0, alignment=LEFT, origin=BASELINE, boundsType=LOGICAL, font=Font[name=SF Atarian System, family=SF Atarian System, style=Regular, size=70.0], fontSmoothingType=GRAY, fill=0xffffffff]
20:56:13.986 [FXGL Background Thread 1 ] DEBUG GameScene            - Adding UI node: Text[text="null", x=0.0, y=0.0, alignment=LEFT, origin=BASELINE, boundsType=LOGICAL, font=Font[name=SF Atarian System, family=SF Atarian System, style=Regular, size=200.0], fontSmoothingType=GRAY, fill=0xffffffff]
20:56:13.986 [FXGL Background Thread 1 ] DEBUG InitAppTask          - Initialization Complete
20:56:13.988 [JavaFX Application Thread] DEBUG FXGLInput            - Clearing active input actions
20:56:13.988 [JavaFX Application Thread] DEBUG FXGLMasterTimer      - Starting master timer
20:56:13.988 [JavaFX Application Thread] DEBUG GameApplication      - State: LOADING -> PLAYING
20:56:13.991 [JavaFX Application Thread] DEBUG FXGLEventBus         - Firing event: FXGLEvent[type=RESUME]
20:56:13.997 [JavaFX Application Thread] DEBUG GameScene            - Entity added to scene
20:56:13.997 [JavaFX Application Thread] DEBUG GameScene            - Added MainViewComponent
20:56:13.997 [JavaFX Application Thread] DEBUG GameScene            - Creating render group for layer: TOP(2147483647)
20:56:14.006 [JavaFX Application Thread] DEBUG FXGLAssetLoader      - Loading from disk: /assets/textures/coin.png
20:56:14.010 [JavaFX Application Thread] DEBUG FXGLAssetLoader      - Loading from cache: /assets/textures/coin.png
20:56:14.010 [JavaFX Application Thread] DEBUG FXGLAssetLoader      - Loading from cache: /assets/textures/coin.png
20:56:14.011 [JavaFX Application Thread] DEBUG FXGLAssetLoader      - Loading from cache: /assets/textures/coin.png
20:56:14.012 [JavaFX Application Thread] DEBUG FXGLAssetLoader      - Loading from cache: /assets/textures/coin.png
20:56:14.012 [JavaFX Application Thread] DEBUG FXGLAssetLoader      - Loading from cache: /assets/textures/coin.png
20:56:14.013 [JavaFX Application Thread] DEBUG FXGLAssetLoader      - Loading from cache: /assets/textures/coin.png
20:56:14.014 [JavaFX Application Thread] DEBUG FXGLAssetLoader      - Loading from cache: /assets/textures/coin.png
20:56:14.014 [JavaFX Application Thread] DEBUG FXGLAssetLoader      - Loading from cache: /assets/textures/coin.png
20:56:14.015 [JavaFX Application Thread] DEBUG FXGLAssetLoader      - Loading from cache: /assets/textures/coin.png
20:56:14.016 [JavaFX Application Thread] DEBUG FXGLAssetLoader      - Loading from disk: /assets/textures/bomb.png
20:56:14.018 [JavaFX Application Thread] DEBUG FXGLAssetLoader      - Loading from cache: /assets/textures/bomb.png
20:56:14.018 [JavaFX Application Thread] DEBUG FXGLAssetLoader      - Loading from cache: /assets/textures/bomb.png
20:56:14.019 [JavaFX Application Thread] DEBUG FXGLAssetLoader      - Loading from cache: /assets/textures/bomb.png
20:56:14.020 [JavaFX Application Thread] DEBUG FXGLAssetLoader      - Loading from cache: /assets/textures/bomb.png
20:56:14.071 [JavaFX Application Thread] DEBUG GameScene            - Entity added to scene
20:56:14.071 [JavaFX Application Thread] DEBUG GameScene            - Added MainViewComponent
20:56:14.072 [JavaFX Application Thread] DEBUG GameScene            - Entity added to scene
20:56:14.072 [JavaFX Application Thread] DEBUG GameScene            - Added MainViewComponent
20:56:14.072 [JavaFX Application Thread] DEBUG GameScene            - Entity added to scene
20:56:14.072 [JavaFX Application Thread] DEBUG GameScene            - Added MainViewComponent
20:56:14.072 [JavaFX Application Thread] DEBUG GameScene            - Entity added to scene
20:56:14.072 [JavaFX Application Thread] DEBUG GameScene            - Added MainViewComponent
20:56:14.073 [JavaFX Application Thread] DEBUG GameScene            - Entity added to scene
20:56:14.073 [JavaFX Application Thread] DEBUG GameScene            - Added MainViewComponent
20:56:14.073 [JavaFX Application Thread] DEBUG GameScene            - Entity added to scene
20:56:14.073 [JavaFX Application Thread] DEBUG GameScene            - Added MainViewComponent
20:56:14.073 [JavaFX Application Thread] DEBUG GameScene            - Entity added to scene
20:56:14.073 [JavaFX Application Thread] DEBUG GameScene            - Added MainViewComponent
20:56:14.074 [JavaFX Application Thread] DEBUG GameScene            - Entity added to scene
20:56:14.074 [JavaFX Application Thread] DEBUG GameScene            - Added MainViewComponent
20:56:14.074 [JavaFX Application Thread] DEBUG GameScene            - Entity added to scene
20:56:14.074 [JavaFX Application Thread] DEBUG GameScene            - Added MainViewComponent
20:56:14.074 [JavaFX Application Thread] DEBUG GameScene            - Entity added to scene
20:56:14.075 [JavaFX Application Thread] DEBUG GameScene            - Added MainViewComponent
20:56:14.075 [JavaFX Application Thread] DEBUG GameScene            - Entity added to scene
20:56:14.075 [JavaFX Application Thread] DEBUG GameScene            - Added MainViewComponent
20:56:14.075 [JavaFX Application Thread] DEBUG GameScene            - Entity added to scene
20:56:14.075 [JavaFX Application Thread] DEBUG GameScene            - Added MainViewComponent
20:56:14.075 [JavaFX Application Thread] DEBUG GameScene            - Entity added to scene
20:56:14.075 [JavaFX Application Thread] DEBUG GameScene            - Added MainViewComponent
20:56:14.076 [JavaFX Application Thread] DEBUG GameScene            - Entity added to scene
20:56:14.076 [JavaFX Application Thread] DEBUG GameScene            - Added MainViewComponent
20:56:14.076 [JavaFX Application Thread] DEBUG GameScene            - Entity added to scene
20:56:14.076 [JavaFX Application Thread] DEBUG GameScene            - Added MainViewComponent
20:56:14.076 [JavaFX Application Thread] DEBUG GameScene            - Entity added to scene
20:56:14.077 [JavaFX Application Thread] DEBUG GameScene            - Added MainViewComponent
20:56:14.077 [JavaFX Application Thread] DEBUG GameScene            - Entity added to scene
20:56:14.077 [JavaFX Application Thread] DEBUG GameScene            - Added MainViewComponent
20:56:14.077 [JavaFX Application Thread] DEBUG GameScene            - Entity added to scene
20:56:14.077 [JavaFX Application Thread] DEBUG GameScene            - Added MainViewComponent
20:56:14.078 [JavaFX Application Thread] DEBUG GameScene            - Entity added to scene
20:56:14.078 [JavaFX Application Thread] DEBUG GameScene            - Added MainViewComponent
20:56:14.078 [JavaFX Application Thread] DEBUG GameScene            - Entity added to scene
20:56:14.078 [JavaFX Application Thread] DEBUG GameScene            - Added MainViewComponent
20:56:14.078 [JavaFX Application Thread] DEBUG GameScene            - Entity added to scene
20:56:14.078 [JavaFX Application Thread] DEBUG GameScene            - Added MainViewComponent
20:56:14.079 [JavaFX Application Thread] DEBUG GameScene            - Entity added to scene
20:56:14.079 [JavaFX Application Thread] DEBUG GameScene            - Added MainViewComponent
20:56:14.079 [JavaFX Application Thread] DEBUG GameScene            - Entity added to scene
20:56:14.079 [JavaFX Application Thread] DEBUG GameScene            - Added MainViewComponent
20:56:14.079 [JavaFX Application Thread] DEBUG GameScene            - Entity added to scene
20:56:14.080 [JavaFX Application Thread] DEBUG GameScene            - Added MainViewComponent
20:56:14.080 [JavaFX Application Thread] DEBUG GameScene            - Entity added to scene
20:56:14.080 [JavaFX Application Thread] DEBUG GameScene            - Added MainViewComponent
20:56:15.637 [JavaFX Application Thread] DEBUG FXGLAssetLoader      - Loading from disk: /assets/sounds/jump.wav
20:56:16.225 [JavaFX Application Thread] DEBUG FXGLInput            - Clearing active input actions
20:56:16.225 [JavaFX Application Thread] DEBUG FXGLMasterTimer      - Stopping master timer
20:56:16.225 [JavaFX Application Thread] DEBUG GameApplication      - State: PLAYING -> PAUSED
20:56:16.225 [JavaFX Application Thread] DEBUG FXGLEventBus         - Firing event: FXGLEvent[type=PAUSE]
20:56:18.348 [JavaFX Application Thread] DEBUG FXGLInput            - Clearing active input actions
20:56:18.348 [JavaFX Application Thread] DEBUG FXGLMasterTimer      - Starting master timer
20:56:18.348 [JavaFX Application Thread] DEBUG GameApplication      - State: PAUSED -> PLAYING
20:56:18.348 [JavaFX Application Thread] DEBUG FXGLEventBus         - Firing event: FXGLEvent[type=RESUME]
20:56:19.219 [JavaFX Application Thread] DEBUG FXGLAssetLoader      - Loading from cache: /assets/sounds/jump.wav
20:56:19.400 [JavaFX Application Thread] DEBUG FXGLAssetLoader      - Loading from disk: /assets/sounds/coin.wav
20:56:19.431 [JavaFX Application Thread] DEBUG GameScene            - Entity removed from scene
20:56:19.432 [JavaFX Application Thread] DEBUG GameScene            - Removed MainViewComponent
20:56:19.451 [JavaFX Application Thread] DEBUG FXGLAssetLoader      - Loading from cache: /assets/sounds/jump.wav
20:56:20.181 [JavaFX Application Thread] DEBUG FXGLAssetLoader      - Loading from cache: /assets/sounds/jump.wav
20:56:20.677 [JavaFX Application Thread] DEBUG FXGLAssetLoader      - Loading from cache: /assets/sounds/jump.wav
20:56:20.936 [JavaFX Application Thread] DEBUG FXGLAssetLoader      - Loading from cache: /assets/sounds/jump.wav
20:56:21.184 [JavaFX Application Thread] DEBUG FXGLAssetLoader      - Loading from cache: /assets/sounds/jump.wav
20:56:21.414 [JavaFX Application Thread] DEBUG FXGLAssetLoader      - Loading from cache: /assets/sounds/jump.wav
20:56:21.668 [JavaFX Application Thread] DEBUG FXGLAssetLoader      - Loading from cache: /assets/sounds/jump.wav
20:56:21.994 [JavaFX Application Thread] DEBUG FXGLInput            - Clearing active input actions
20:56:21.994 [JavaFX Application Thread] DEBUG FXGLMasterTimer      - Stopping master timer
20:56:21.994 [JavaFX Application Thread] DEBUG GameApplication      - State: PLAYING -> PAUSED
20:56:21.994 [JavaFX Application Thread] DEBUG FXGLEventBus         - Firing event: FXGLEvent[type=PAUSE]
20:56:27.660 [JavaFX Application Thread] DEBUG SlidingNotificationService - Service [NotificationService] initialized
20:56:27.660 [JavaFX Application Thread] DEBUG GameScene            - Adding UI node: NotificationPane@268c68[styleClass=notification-pane top dark]
20:56:27.691 [JavaFX Application Thread] DEBUG FXGLEventBus         - Firing event: NotificationEvent[message=Screenshot saved]
20:56:31.008 [JavaFX Application Thread] DEBUG FXGLInput            - Clearing active input actions
20:56:31.008 [JavaFX Application Thread] DEBUG FXGLMasterTimer      - Starting master timer
20:56:31.008 [JavaFX Application Thread] DEBUG GameApplication      - State: PAUSED -> PLAYING
20:56:31.008 [JavaFX Application Thread] DEBUG FXGLEventBus         - Firing event: FXGLEvent[type=RESUME]
20:56:31.481 [JavaFX Application Thread] DEBUG FXGLAssetLoader      - Loading from cache: /assets/sounds/coin.wav
20:56:31.511 [JavaFX Application Thread] DEBUG GameScene            - Entity removed from scene
20:56:31.511 [JavaFX Application Thread] DEBUG GameScene            - Removed MainViewComponent
20:56:31.719 [JavaFX Application Thread] DEBUG FXGLAssetLoader      - Loading from disk: /assets/sounds/bomb.wav
20:56:33.465 [JavaFX Application Thread] DEBUG GameWorld            - Resetting game world
20:56:33.465 [JavaFX Application Thread] TRACE EntityWorld          - Resetting entity world
20:56:33.465 [JavaFX Application Thread] DEBUG GameScene            - Removed MainViewComponent
20:56:33.465 [JavaFX Application Thread] DEBUG GameScene            - Removed MainViewComponent
20:56:33.466 [JavaFX Application Thread] DEBUG GameScene            - Removed MainViewComponent
20:56:33.466 [JavaFX Application Thread] DEBUG GameScene            - Removed MainViewComponent
20:56:33.466 [JavaFX Application Thread] DEBUG GameScene            - Removed MainViewComponent
20:56:33.466 [JavaFX Application Thread] DEBUG GameScene            - Removed MainViewComponent
20:56:33.466 [JavaFX Application Thread] DEBUG GameScene            - Removed MainViewComponent
20:56:33.466 [JavaFX Application Thread] DEBUG GameScene            - Removed MainViewComponent
20:56:33.467 [JavaFX Application Thread] DEBUG GameScene            - Removed MainViewComponent
20:56:33.467 [JavaFX Application Thread] DEBUG GameScene            - Removed MainViewComponent
20:56:33.467 [JavaFX Application Thread] DEBUG GameScene            - Removed MainViewComponent
20:56:33.467 [JavaFX Application Thread] DEBUG GameScene            - Removed MainViewComponent
20:56:33.468 [JavaFX Application Thread] DEBUG GameScene            - Removed MainViewComponent
20:56:33.468 [JavaFX Application Thread] DEBUG GameScene            - Removed MainViewComponent
20:56:33.468 [JavaFX Application Thread] DEBUG GameScene            - Removed MainViewComponent
20:56:33.468 [JavaFX Application Thread] DEBUG GameScene            - Removed MainViewComponent
20:56:33.468 [JavaFX Application Thread] DEBUG GameScene            - Removed MainViewComponent
20:56:33.468 [JavaFX Application Thread] DEBUG GameScene            - Removed MainViewComponent
20:56:33.469 [JavaFX Application Thread] DEBUG GameScene            - Removed MainViewComponent
20:56:33.469 [JavaFX Application Thread] DEBUG GameScene            - Removed MainViewComponent
20:56:33.469 [JavaFX Application Thread] DEBUG GameScene            - Removed MainViewComponent
20:56:33.469 [JavaFX Application Thread] DEBUG GameScene            - Removed MainViewComponent
20:56:33.469 [JavaFX Application Thread] DEBUG GameScene            - Removed MainViewComponent
20:56:33.469 [JavaFX Application Thread] DEBUG GameScene            - Removed MainViewComponent
20:56:33.470 [JavaFX Application Thread] DEBUG PhysicsWorld         - Resetting physics world
20:56:33.470 [JavaFX Application Thread] DEBUG GameScene            - Resetting game scene
20:56:33.470 [JavaFX Application Thread] DEBUG GameApplication      - Starting new game
20:56:33.470 [JavaFX Application Thread] DEBUG GameApplication      - Initializing App
20:56:33.471 [JavaFX Application Thread] DEBUG FXGLInput            - Clearing active input actions
20:56:33.471 [JavaFX Application Thread] DEBUG FXGLMasterTimer      - Stopping master timer
20:56:33.471 [JavaFX Application Thread] DEBUG GameApplication      - State: PLAYING -> PAUSED
20:56:33.471 [JavaFX Application Thread] DEBUG FXGLEventBus         - Firing event: FXGLEvent[type=PAUSE]
20:56:33.471 [JavaFX Application Thread] DEBUG FXGLInput            - Clearing active input actions
20:56:33.471 [JavaFX Application Thread] DEBUG FXGLMasterTimer      - Resetting ticks and clearing all actions
20:56:33.471 [JavaFX Application Thread] DEBUG GameWorld            - Resetting game world
20:56:33.471 [JavaFX Application Thread] TRACE EntityWorld          - Resetting entity world
20:56:33.471 [JavaFX Application Thread] DEBUG PhysicsWorld         - Resetting physics world
20:56:33.471 [JavaFX Application Thread] DEBUG GameScene            - Resetting game scene
20:56:33.471 [JavaFX Application Thread] DEBUG FXGLEventBus         - Firing event: FXGLEvent[type=RESET]
20:56:33.472 [JavaFX Application Thread] DEBUG GameApplication      - State: PAUSED -> LOADING
20:56:33.489 [FXGL Background Thread 1 ] DEBUG InitAppTask          - Initializing Assets
20:56:33.489 [FXGL Background Thread 1 ] DEBUG InitAppTask          - Initializing Game
20:56:33.489 [FXGL Background Thread 1 ] DEBUG FXGLAssetLoader      - Loading from cache: /assets/textures/background11.png
20:56:33.490 [FXGL Background Thread 1 ] DEBUG GameScene            - Creating render group for layer: BACKGROUND(1000)
20:56:33.490 [FXGL Background Thread 1 ] DEBUG FXGLAssetLoader      - Loading from cache: /assets/textures/ninjaRun.png
20:56:33.491 [FXGL Background Thread 1 ] DEBUG InitAppTask          - Initializing Physics
20:56:33.491 [FXGL Background Thread 1 ] DEBUG InitAppTask          - Initializing UI
20:56:33.492 [FXGL Background Thread 1 ] DEBUG GameScene            - Adding UI node: Text[text="0", x=0.0, y=0.0, alignment=LEFT, origin=BASELINE, boundsType=LOGICAL, font=Font[name=SF Atarian System, family=SF Atarian System, style=Regular, size=70.0], fontSmoothingType=GRAY, fill=0xffffffff]
20:56:33.492 [FXGL Background Thread 1 ] DEBUG GameScene            - Adding UI node: Text[text="", x=0.0, y=0.0, alignment=LEFT, origin=BASELINE, boundsType=LOGICAL, font=Font[name=SF Atarian System, family=SF Atarian System, style=Regular, size=200.0], fontSmoothingType=GRAY, fill=0xffffffff]
20:56:33.492 [FXGL Background Thread 1 ] DEBUG InitAppTask          - Initialization Complete
20:56:33.504 [JavaFX Application Thread] DEBUG FXGLInput            - Clearing active input actions
20:56:33.504 [JavaFX Application Thread] DEBUG FXGLMasterTimer      - Starting master timer
20:56:33.504 [JavaFX Application Thread] DEBUG GameApplication      - State: LOADING -> PLAYING
20:56:33.509 [JavaFX Application Thread] DEBUG FXGLEventBus         - Firing event: FXGLEvent[type=RESUME]
20:56:33.511 [JavaFX Application Thread] DEBUG GameScene            - Entity added to scene
20:56:33.511 [JavaFX Application Thread] DEBUG GameScene            - Added MainViewComponent
20:56:33.512 [JavaFX Application Thread] DEBUG GameScene            - Creating render group for layer: TOP(2147483647)
20:56:33.517 [JavaFX Application Thread] DEBUG FXGLAssetLoader      - Loading from cache: /assets/textures/coin.png
20:56:33.517 [JavaFX Application Thread] DEBUG FXGLAssetLoader      - Loading from cache: /assets/textures/coin.png
20:56:33.518 [JavaFX Application Thread] DEBUG FXGLAssetLoader      - Loading from cache: /assets/textures/coin.png
20:56:33.518 [JavaFX Application Thread] DEBUG FXGLAssetLoader      - Loading from cache: /assets/textures/coin.png
20:56:33.519 [JavaFX Application Thread] DEBUG FXGLAssetLoader      - Loading from cache: /assets/textures/coin.png
20:56:33.519 [JavaFX Application Thread] DEBUG FXGLAssetLoader      - Loading from cache: /assets/textures/coin.png
20:56:33.520 [JavaFX Application Thread] DEBUG FXGLAssetLoader      - Loading from cache: /assets/textures/coin.png
20:56:33.520 [JavaFX Application Thread] DEBUG FXGLAssetLoader      - Loading from cache: /assets/textures/coin.png
20:56:33.521 [JavaFX Application Thread] DEBUG FXGLAssetLoader      - Loading from cache: /assets/textures/coin.png
20:56:33.522 [JavaFX Application Thread] DEBUG FXGLAssetLoader      - Loading from cache: /assets/textures/coin.png
20:56:33.522 [JavaFX Application Thread] DEBUG FXGLAssetLoader      - Loading from cache: /assets/textures/bomb.png
20:56:33.523 [JavaFX Application Thread] DEBUG FXGLAssetLoader      - Loading from cache: /assets/textures/bomb.png
20:56:33.523 [JavaFX Application Thread] DEBUG FXGLAssetLoader      - Loading from cache: /assets/textures/bomb.png
20:56:33.524 [JavaFX Application Thread] DEBUG FXGLAssetLoader      - Loading from cache: /assets/textures/bomb.png
20:56:33.524 [JavaFX Application Thread] DEBUG FXGLAssetLoader      - Loading from cache: /assets/textures/bomb.png
20:56:33.527 [JavaFX Application Thread] DEBUG GameScene            - Entity added to scene
20:56:33.527 [JavaFX Application Thread] DEBUG GameScene            - Added MainViewComponent
20:56:33.528 [JavaFX Application Thread] DEBUG GameScene            - Entity added to scene
20:56:33.528 [JavaFX Application Thread] DEBUG GameScene            - Added MainViewComponent
20:56:33.528 [JavaFX Application Thread] DEBUG GameScene            - Entity added to scene
20:56:33.528 [JavaFX Application Thread] DEBUG GameScene            - Added MainViewComponent
20:56:33.528 [JavaFX Application Thread] DEBUG GameScene            - Entity added to scene
20:56:33.528 [JavaFX Application Thread] DEBUG GameScene            - Added MainViewComponent
20:56:33.528 [JavaFX Application Thread] DEBUG GameScene            - Entity added to scene
20:56:33.529 [JavaFX Application Thread] DEBUG GameScene            - Added MainViewComponent
20:56:33.529 [JavaFX Application Thread] DEBUG GameScene            - Entity added to scene
20:56:33.529 [JavaFX Application Thread] DEBUG GameScene            - Added MainViewComponent
20:56:33.529 [JavaFX Application Thread] DEBUG GameScene            - Entity added to scene
20:56:33.529 [JavaFX Application Thread] DEBUG GameScene            - Added MainViewComponent
20:56:33.529 [JavaFX Application Thread] DEBUG GameScene            - Entity added to scene
20:56:33.529 [JavaFX Application Thread] DEBUG GameScene            - Added MainViewComponent
20:56:33.530 [JavaFX Application Thread] DEBUG GameScene            - Entity added to scene
20:56:33.530 [JavaFX Application Thread] DEBUG GameScene            - Added MainViewComponent
20:56:33.530 [JavaFX Application Thread] DEBUG GameScene            - Entity added to scene
20:56:33.530 [JavaFX Application Thread] DEBUG GameScene            - Added MainViewComponent
20:56:33.530 [JavaFX Application Thread] DEBUG GameScene            - Entity added to scene
20:56:33.530 [JavaFX Application Thread] DEBUG GameScene            - Added MainViewComponent
20:56:33.530 [JavaFX Application Thread] DEBUG GameScene            - Entity added to scene
20:56:33.530 [JavaFX Application Thread] DEBUG GameScene            - Added MainViewComponent
20:56:33.531 [JavaFX Application Thread] DEBUG GameScene            - Entity added to scene
20:56:33.531 [JavaFX Application Thread] DEBUG GameScene            - Added MainViewComponent
20:56:33.531 [JavaFX Application Thread] DEBUG GameScene            - Entity added to scene
20:56:33.531 [JavaFX Application Thread] DEBUG GameScene            - Added MainViewComponent
20:56:33.531 [JavaFX Application Thread] DEBUG GameScene            - Entity added to scene
20:56:33.531 [JavaFX Application Thread] DEBUG GameScene            - Added MainViewComponent
20:56:33.531 [JavaFX Application Thread] DEBUG GameScene            - Entity added to scene
20:56:33.531 [JavaFX Application Thread] DEBUG GameScene            - Added MainViewComponent
20:56:33.532 [JavaFX Application Thread] DEBUG GameScene            - Entity added to scene
20:56:33.532 [JavaFX Application Thread] DEBUG GameScene            - Added MainViewComponent
20:56:33.532 [JavaFX Application Thread] DEBUG GameScene            - Entity added to scene
20:56:33.532 [JavaFX Application Thread] DEBUG GameScene            - Added MainViewComponent
20:56:33.532 [JavaFX Application Thread] DEBUG GameScene            - Entity added to scene
20:56:33.532 [JavaFX Application Thread] DEBUG GameScene            - Added MainViewComponent
20:56:33.532 [JavaFX Application Thread] DEBUG GameScene            - Entity added to scene
20:56:33.532 [JavaFX Application Thread] DEBUG GameScene            - Added MainViewComponent
20:56:33.533 [JavaFX Application Thread] DEBUG GameScene            - Entity added to scene
20:56:33.533 [JavaFX Application Thread] DEBUG GameScene            - Added MainViewComponent
20:56:33.533 [JavaFX Application Thread] DEBUG GameScene            - Entity added to scene
20:56:33.533 [JavaFX Application Thread] DEBUG GameScene            - Added MainViewComponent
20:56:33.533 [JavaFX Application Thread] DEBUG GameScene            - Entity added to scene
20:56:33.533 [JavaFX Application Thread] DEBUG GameScene            - Added MainViewComponent
20:56:33.533 [JavaFX Application Thread] DEBUG GameScene            - Entity added to scene
20:56:33.533 [JavaFX Application Thread] DEBUG GameScene            - Added MainViewComponent
20:56:33.534 [JavaFX Application Thread] DEBUG GameScene            - Entity added to scene
20:56:33.534 [JavaFX Application Thread] DEBUG GameScene            - Added MainViewComponent
20:56:35.268 [JavaFX Application Thread] DEBUG FXGLInput            - Clearing active input actions
20:56:35.268 [JavaFX Application Thread] DEBUG FXGLMasterTimer      - Starting master timer
20:56:35.268 [JavaFX Application Thread] DEBUG GameApplication      - State: PLAYING -> PLAYING
20:56:35.269 [JavaFX Application Thread] DEBUG FXGLEventBus         - Firing event: FXGLEvent[type=RESUME]
20:56:36.204 [JavaFX Application Thread] DEBUG FXGLInput            - Clearing active input actions
20:56:36.204 [JavaFX Application Thread] DEBUG FXGLMasterTimer      - Stopping master timer
20:56:36.204 [JavaFX Application Thread] DEBUG GameApplication      - State: PLAYING -> PAUSED
20:56:36.204 [JavaFX Application Thread] DEBUG FXGLEventBus         - Firing event: FXGLEvent[type=PAUSE]
20:56:36.730 [JavaFX Application Thread] DEBUG FXGLInput            - Clearing active input actions
20:56:36.731 [JavaFX Application Thread] DEBUG FXGLMasterTimer      - Starting master timer
20:56:36.731 [JavaFX Application Thread] DEBUG GameApplication      - State: PAUSED -> PLAYING
20:56:36.731 [JavaFX Application Thread] DEBUG FXGLEventBus         - Firing event: FXGLEvent[type=RESUME]
20:56:37.598 [JavaFX Application Thread] DEBUG FXGLInput            - Clearing active input actions
20:56:37.598 [JavaFX Application Thread] DEBUG FXGLMasterTimer      - Stopping master timer
20:56:37.598 [JavaFX Application Thread] DEBUG GameApplication      - State: PLAYING -> PAUSED
20:56:37.598 [JavaFX Application Thread] DEBUG FXGLEventBus         - Firing event: FXGLEvent[type=PAUSE]
20:56:38.751 [JavaFX Application Thread] DEBUG FXGLInput            - Clearing active input actions
20:56:38.751 [JavaFX Application Thread] DEBUG FXGLMasterTimer      - Starting master timer
20:56:38.751 [JavaFX Application Thread] DEBUG GameApplication      - State: PAUSED -> PLAYING
20:56:38.751 [JavaFX Application Thread] DEBUG FXGLEventBus         - Firing event: FXGLEvent[type=RESUME]
20:56:39.013 [JavaFX Application Thread] DEBUG FXGLAssetLoader      - Loading from cache: /assets/sounds/jump.wav
20:56:39.219 [JavaFX Application Thread] DEBUG FXGLAssetLoader      - Loading from cache: /assets/sounds/jump.wav
20:56:40.039 [JavaFX Application Thread] DEBUG FXGLAssetLoader      - Loading from cache: /assets/sounds/jump.wav
20:56:41.325 [JavaFX Application Thread] DEBUG FXGLAssetLoader      - Loading from cache: /assets/sounds/coin.wav
20:56:41.337 [JavaFX Application Thread] DEBUG GameScene            - Entity removed from scene
20:56:41.338 [JavaFX Application Thread] DEBUG GameScene            - Removed MainViewComponent
20:56:45.929 [JavaFX Application Thread] DEBUG GameWorld            - Resetting game world
20:56:45.930 [JavaFX Application Thread] TRACE EntityWorld          - Resetting entity world
20:56:45.930 [JavaFX Application Thread] DEBUG GameScene            - Removed MainViewComponent
20:56:45.930 [JavaFX Application Thread] DEBUG GameScene            - Removed MainViewComponent
20:56:45.930 [JavaFX Application Thread] DEBUG GameScene            - Removed MainViewComponent
20:56:45.931 [JavaFX Application Thread] DEBUG GameScene            - Removed MainViewComponent
20:56:45.931 [JavaFX Application Thread] DEBUG GameScene            - Removed MainViewComponent
20:56:45.931 [JavaFX Application Thread] DEBUG GameScene            - Removed MainViewComponent
20:56:45.931 [JavaFX Application Thread] DEBUG GameScene            - Removed MainViewComponent
20:56:45.931 [JavaFX Application Thread] DEBUG GameScene            - Removed MainViewComponent
20:56:45.931 [JavaFX Application Thread] DEBUG GameScene            - Removed MainViewComponent
20:56:45.932 [JavaFX Application Thread] DEBUG GameScene            - Removed MainViewComponent
20:56:45.932 [JavaFX Application Thread] DEBUG GameScene            - Removed MainViewComponent
20:56:45.932 [JavaFX Application Thread] DEBUG GameScene            - Removed MainViewComponent
20:56:45.932 [JavaFX Application Thread] DEBUG GameScene            - Removed MainViewComponent
20:56:45.932 [JavaFX Application Thread] DEBUG GameScene            - Removed MainViewComponent
20:56:45.933 [JavaFX Application Thread] DEBUG GameScene            - Removed MainViewComponent
20:56:45.933 [JavaFX Application Thread] DEBUG GameScene            - Removed MainViewComponent
20:56:45.933 [JavaFX Application Thread] DEBUG GameScene            - Removed MainViewComponent
20:56:45.933 [JavaFX Application Thread] DEBUG GameScene            - Removed MainViewComponent
20:56:45.933 [JavaFX Application Thread] DEBUG GameScene            - Removed MainViewComponent
20:56:45.934 [JavaFX Application Thread] DEBUG GameScene            - Removed MainViewComponent
20:56:45.934 [JavaFX Application Thread] DEBUG GameScene            - Removed MainViewComponent
20:56:45.934 [JavaFX Application Thread] DEBUG GameScene            - Removed MainViewComponent
20:56:45.934 [JavaFX Application Thread] DEBUG GameScene            - Removed MainViewComponent
20:56:45.934 [JavaFX Application Thread] DEBUG GameScene            - Removed MainViewComponent
20:56:45.934 [JavaFX Application Thread] DEBUG GameScene            - Removed MainViewComponent
20:56:45.935 [JavaFX Application Thread] DEBUG PhysicsWorld         - Resetting physics world
20:56:45.935 [JavaFX Application Thread] DEBUG GameScene            - Resetting game scene
20:56:45.935 [JavaFX Application Thread] DEBUG GameApplication      - Starting new game
20:56:45.935 [JavaFX Application Thread] DEBUG GameApplication      - Initializing App
20:56:45.936 [JavaFX Application Thread] DEBUG FXGLInput            - Clearing active input actions
20:56:45.936 [JavaFX Application Thread] DEBUG FXGLMasterTimer      - Stopping master timer
20:56:45.936 [JavaFX Application Thread] DEBUG GameApplication      - State: PLAYING -> PAUSED
20:56:45.936 [JavaFX Application Thread] DEBUG FXGLEventBus         - Firing event: FXGLEvent[type=PAUSE]
20:56:45.936 [JavaFX Application Thread] DEBUG FXGLInput            - Clearing active input actions
20:56:45.936 [JavaFX Application Thread] DEBUG FXGLMasterTimer      - Resetting ticks and clearing all actions
20:56:45.936 [JavaFX Application Thread] DEBUG GameWorld            - Resetting game world
20:56:45.936 [JavaFX Application Thread] TRACE EntityWorld          - Resetting entity world
20:56:45.936 [JavaFX Application Thread] DEBUG PhysicsWorld         - Resetting physics world
20:56:45.936 [JavaFX Application Thread] DEBUG GameScene            - Resetting game scene
20:56:45.936 [JavaFX Application Thread] DEBUG FXGLEventBus         - Firing event: FXGLEvent[type=RESET]
20:56:45.937 [JavaFX Application Thread] DEBUG GameApplication      - State: PAUSED -> LOADING
20:56:45.953 [FXGL Background Thread 1 ] DEBUG InitAppTask          - Initializing Assets
20:56:45.953 [FXGL Background Thread 1 ] DEBUG InitAppTask          - Initializing Game
20:56:45.954 [FXGL Background Thread 1 ] DEBUG FXGLAssetLoader      - Loading from cache: /assets/textures/background11.png
20:56:45.954 [FXGL Background Thread 1 ] DEBUG GameScene            - Creating render group for layer: BACKGROUND(1000)
20:56:45.954 [FXGL Background Thread 1 ] DEBUG FXGLAssetLoader      - Loading from cache: /assets/textures/ninjaRun.png
20:56:45.955 [FXGL Background Thread 1 ] DEBUG InitAppTask          - Initializing Physics
20:56:45.955 [FXGL Background Thread 1 ] DEBUG InitAppTask          - Initializing UI
20:56:45.955 [FXGL Background Thread 1 ] DEBUG GameScene            - Adding UI node: Text[text="0", x=0.0, y=0.0, alignment=LEFT, origin=BASELINE, boundsType=LOGICAL, font=Font[name=SF Atarian System, family=SF Atarian System, style=Regular, size=70.0], fontSmoothingType=GRAY, fill=0xffffffff]
20:56:45.956 [FXGL Background Thread 1 ] DEBUG GameScene            - Adding UI node: Text[text="", x=0.0, y=0.0, alignment=LEFT, origin=BASELINE, boundsType=LOGICAL, font=Font[name=SF Atarian System, family=SF Atarian System, style=Regular, size=200.0], fontSmoothingType=GRAY, fill=0xffffffff]
20:56:45.956 [FXGL Background Thread 1 ] DEBUG InitAppTask          - Initialization Complete
20:56:45.972 [JavaFX Application Thread] DEBUG FXGLInput            - Clearing active input actions
20:56:45.972 [JavaFX Application Thread] DEBUG FXGLMasterTimer      - Starting master timer
20:56:45.972 [JavaFX Application Thread] DEBUG GameApplication      - State: LOADING -> PLAYING
20:56:45.975 [JavaFX Application Thread] DEBUG FXGLEventBus         - Firing event: FXGLEvent[type=RESUME]
20:56:45.980 [JavaFX Application Thread] DEBUG GameScene            - Entity added to scene
20:56:45.980 [JavaFX Application Thread] DEBUG GameScene            - Added MainViewComponent
20:56:45.980 [JavaFX Application Thread] DEBUG GameScene            - Creating render group for layer: TOP(2147483647)
20:56:45.985 [JavaFX Application Thread] DEBUG FXGLAssetLoader      - Loading from cache: /assets/textures/coin.png
20:56:45.986 [JavaFX Application Thread] DEBUG FXGLAssetLoader      - Loading from cache: /assets/textures/coin.png
20:56:45.986 [JavaFX Application Thread] DEBUG FXGLAssetLoader      - Loading from cache: /assets/textures/coin.png
20:56:45.987 [JavaFX Application Thread] DEBUG FXGLAssetLoader      - Loading from cache: /assets/textures/coin.png
20:56:45.987 [JavaFX Application Thread] DEBUG FXGLAssetLoader      - Loading from cache: /assets/textures/coin.png
20:56:45.988 [JavaFX Application Thread] DEBUG FXGLAssetLoader      - Loading from cache: /assets/textures/coin.png
20:56:45.988 [JavaFX Application Thread] DEBUG FXGLAssetLoader      - Loading from cache: /assets/textures/coin.png
20:56:45.989 [JavaFX Application Thread] DEBUG FXGLAssetLoader      - Loading from cache: /assets/textures/coin.png
20:56:45.989 [JavaFX Application Thread] DEBUG FXGLAssetLoader      - Loading from cache: /assets/textures/coin.png
20:56:45.990 [JavaFX Application Thread] DEBUG FXGLAssetLoader      - Loading from cache: /assets/textures/coin.png
20:56:45.990 [JavaFX Application Thread] DEBUG FXGLAssetLoader      - Loading from cache: /assets/textures/bomb.png
20:56:45.991 [JavaFX Application Thread] DEBUG FXGLAssetLoader      - Loading from cache: /assets/textures/bomb.png
20:56:45.992 [JavaFX Application Thread] DEBUG FXGLAssetLoader      - Loading from cache: /assets/textures/bomb.png
20:56:45.992 [JavaFX Application Thread] DEBUG FXGLAssetLoader      - Loading from cache: /assets/textures/bomb.png
20:56:45.993 [JavaFX Application Thread] DEBUG FXGLAssetLoader      - Loading from cache: /assets/textures/bomb.png
20:56:46.008 [JavaFX Application Thread] DEBUG GameScene            - Entity added to scene
20:56:46.008 [JavaFX Application Thread] DEBUG GameScene            - Added MainViewComponent
20:56:46.008 [JavaFX Application Thread] DEBUG GameScene            - Entity added to scene
20:56:46.008 [JavaFX Application Thread] DEBUG GameScene            - Added MainViewComponent
20:56:46.009 [JavaFX Application Thread] DEBUG GameScene            - Entity added to scene
20:56:46.009 [JavaFX Application Thread] DEBUG GameScene            - Added MainViewComponent
20:56:46.009 [JavaFX Application Thread] DEBUG GameScene            - Entity added to scene
20:56:46.009 [JavaFX Application Thread] DEBUG GameScene            - Added MainViewComponent
20:56:46.009 [JavaFX Application Thread] DEBUG GameScene            - Entity added to scene
20:56:46.009 [JavaFX Application Thread] DEBUG GameScene            - Added MainViewComponent
20:56:46.009 [JavaFX Application Thread] DEBUG GameScene            - Entity added to scene
20:56:46.009 [JavaFX Application Thread] DEBUG GameScene            - Added MainViewComponent
20:56:46.009 [JavaFX Application Thread] DEBUG GameScene            - Entity added to scene
20:56:46.009 [JavaFX Application Thread] DEBUG GameScene            - Added MainViewComponent
20:56:46.010 [JavaFX Application Thread] DEBUG GameScene            - Entity added to scene
20:56:46.010 [JavaFX Application Thread] DEBUG GameScene            - Added MainViewComponent
20:56:46.010 [JavaFX Application Thread] DEBUG GameScene            - Entity added to scene
20:56:46.010 [JavaFX Application Thread] DEBUG GameScene            - Added MainViewComponent
20:56:46.010 [JavaFX Application Thread] DEBUG GameScene            - Entity added to scene
20:56:46.010 [JavaFX Application Thread] DEBUG GameScene            - Added MainViewComponent
20:56:46.010 [JavaFX Application Thread] DEBUG GameScene            - Entity added to scene
20:56:46.010 [JavaFX Application Thread] DEBUG GameScene            - Added MainViewComponent
20:56:46.011 [JavaFX Application Thread] DEBUG GameScene            - Entity added to scene
20:56:46.011 [JavaFX Application Thread] DEBUG GameScene            - Added MainViewComponent
20:56:46.011 [JavaFX Application Thread] DEBUG GameScene            - Entity added to scene
20:56:46.011 [JavaFX Application Thread] DEBUG GameScene            - Added MainViewComponent
20:56:46.011 [JavaFX Application Thread] DEBUG GameScene            - Entity added to scene
20:56:46.011 [JavaFX Application Thread] DEBUG GameScene            - Added MainViewComponent
20:56:46.011 [JavaFX Application Thread] DEBUG GameScene            - Entity added to scene
20:56:46.011 [JavaFX Application Thread] DEBUG GameScene            - Added MainViewComponent
20:56:46.011 [JavaFX Application Thread] DEBUG GameScene            - Entity added to scene
20:56:46.011 [JavaFX Application Thread] DEBUG GameScene            - Added MainViewComponent
20:56:46.012 [JavaFX Application Thread] DEBUG GameScene            - Entity added to scene
20:56:46.012 [JavaFX Application Thread] DEBUG GameScene            - Added MainViewComponent
20:56:46.012 [JavaFX Application Thread] DEBUG GameScene            - Entity added to scene
20:56:46.012 [JavaFX Application Thread] DEBUG GameScene            - Added MainViewComponent
20:56:46.012 [JavaFX Application Thread] DEBUG GameScene            - Entity added to scene
20:56:46.012 [JavaFX Application Thread] DEBUG GameScene            - Added MainViewComponent
20:56:46.012 [JavaFX Application Thread] DEBUG GameScene            - Entity added to scene
20:56:46.012 [JavaFX Application Thread] DEBUG GameScene            - Added MainViewComponent
20:56:46.013 [JavaFX Application Thread] DEBUG GameScene            - Entity added to scene
20:56:46.013 [JavaFX Application Thread] DEBUG GameScene            - Added MainViewComponent
20:56:46.013 [JavaFX Application Thread] DEBUG GameScene            - Entity added to scene
20:56:46.013 [JavaFX Application Thread] DEBUG GameScene            - Added MainViewComponent
20:56:46.013 [JavaFX Application Thread] DEBUG GameScene            - Entity added to scene
20:56:46.013 [JavaFX Application Thread] DEBUG GameScene            - Added MainViewComponent
20:56:46.013 [JavaFX Application Thread] DEBUG GameScene            - Entity added to scene
20:56:46.013 [JavaFX Application Thread] DEBUG GameScene            - Added MainViewComponent
20:56:46.013 [JavaFX Application Thread] DEBUG GameScene            - Entity added to scene
20:56:46.014 [JavaFX Application Thread] DEBUG GameScene            - Added MainViewComponent
20:56:46.902 [JavaFX Application Thread] DEBUG FXGLEventBus         - Firing event: DisplayEvent[type=DIALOG_OPENED]
20:56:46.903 [JavaFX Application Thread] DEBUG FXGLInput            - Clearing active input actions
20:56:46.903 [JavaFX Application Thread] DEBUG FXGLMasterTimer      - Stopping master timer
20:56:46.903 [JavaFX Application Thread] DEBUG GameApplication      - State: PLAYING -> PAUSED
20:56:46.903 [JavaFX Application Thread] DEBUG FXGLEventBus         - Firing event: FXGLEvent[type=PAUSE]
20:56:46.903 [JavaFX Application Thread] DEBUG FXGLInput            - Clearing active input actions
20:56:48.070 [JavaFX Application Thread] DEBUG FXGLEventBus         - Firing event: DisplayEvent[type=DIALOG_CLOSED]
20:56:48.071 [JavaFX Application Thread] DEBUG FXGLInput            - Clearing active input actions
20:56:48.071 [JavaFX Application Thread] DEBUG FXGLMasterTimer      - Starting master timer
20:56:48.071 [JavaFX Application Thread] DEBUG GameApplication      - State: PAUSED -> PLAYING
20:56:48.072 [JavaFX Application Thread] DEBUG FXGLEventBus         - Firing event: FXGLEvent[type=RESUME]
20:56:48.072 [JavaFX Application Thread] DEBUG FXGLEventBus         - Firing event: DisplayEvent[type=CLOSE_REQUEST]
20:56:48.073 [JavaFX Application Thread] DEBUG FXGLAudioPlayer      - Stopping music Music [balance=0.0, volume=0.0, rate=1.0, cycleCount=2147483647]
20:56:48.148 [JavaFX Application Thread] DEBUG FXGLEventBus         - Firing event: FXGLEvent[type=EXIT]
20:56:48.148 [JavaFX Application Thread] DEBUG FXGLEventBus         - Firing event: SaveEvent
20:56:48.148 [JavaFX Application Thread] DEBUG FXGLInput            - Saving data to profile
20:56:48.149 [JavaFX Application Thread] DEBUG Bundle               - Logging bundle: input
20:56:48.149 [JavaFX Application Thread] DEBUG Bundle               - input.Jump=Space
20:56:48.149 [JavaFX Application Thread] DEBUG Bundle               - input.Screenshot=P
20:56:48.149 [JavaFX Application Thread] DEBUG Bundle               - input.Restart=R
20:56:48.149 [JavaFX Application Thread] DEBUG Bundle               - input.Dev Options=CTRL+0
20:56:48.149 [JavaFX Application Thread] DEBUG Bundle               - input.Exit=L
20:56:48.149 [JavaFX Application Thread] DEBUG Bundle               - input.Pause=S
20:56:48.149 [JavaFX Application Thread] DEBUG FXGLDisplay          - Saving data to profile
20:56:48.150 [JavaFX Application Thread] DEBUG Bundle               - Logging bundle: scene
20:56:48.150 [JavaFX Application Thread] DEBUG Bundle               - scene.sizeW=900.0
20:56:48.150 [JavaFX Application Thread] DEBUG Bundle               - scene.sizeH=650.0
20:56:48.150 [JavaFX Application Thread] DEBUG FXGLAudioPlayer      - Saving data to profile
20:56:48.150 [JavaFX Application Thread] DEBUG Bundle               - Logging bundle: audio
20:56:48.150 [JavaFX Application Thread] DEBUG Bundle               - audio.musicVolume=0.0
20:56:48.150 [JavaFX Application Thread] DEBUG Bundle               - audio.soundVolume=0.26190476190476186
20:56:48.150 [JavaFX Application Thread] DEBUG AchievementManager   - Saving data to profile
20:56:48.151 [JavaFX Application Thread] DEBUG Bundle               - Logging bundle: achievement
20:56:48.151 [JavaFX Application Thread] DEBUG FXGLMasterTimer      - Saving data to profile
20:56:48.151 [JavaFX Application Thread] DEBUG Bundle               - Logging bundle: timer
20:56:48.151 [JavaFX Application Thread] DEBUG Bundle               - timer.playtime=1463717951311
20:56:48.152 [JavaFX Application Thread] DEBUG SaveLoadManager      - Saving profile: rr
20:56:48.156 [JavaFX Application Thread] DEBUG IOTask               - Executing task: writeDataTask(./profiles/rr/user.profile)
20:56:48.157 [JavaFX Application Thread] DEBUG IOTask               - Executing task: writeDataTask(./profiles/rr/user.profile)
20:56:48.161 [JavaFX Application Thread] DEBUG FS                   - Writing to: .\profiles\rr\user.profile
20:56:48.177 [JavaFX Application Thread] DEBUG IOTask               - Executing task: checkSavesDir(./profiles/rr/saves/)
20:56:48.178 [JavaFX Application Thread] DEBUG IOTask               - Task succeeded: writeDataTask(./profiles/rr/user.profile)
20:56:48.178 [JavaFX Application Thread] DEBUG FXGL                 - Saving FXGL system data
20:56:48.179 [JavaFX Application Thread] DEBUG IOTask               - Executing task: writeDataTask(system/fxgl.bundle)
20:56:48.180 [JavaFX Application Thread] DEBUG FS                   - Writing to: system\fxgl.bundle
20:56:48.186 [JavaFX Application Thread] DEBUG IOTask               - Task succeeded: writeDataTask(system/fxgl.bundle)
